<?xml version="1.0" encoding="UTF-8"?>
<testng-results ignored="0" total="2" passed="2" failed="0" skipped="0">
  <reporter-output>
  </reporter-output>
  <suite started-at="2026-03-06T22:12:13 IST" name="Suite" finished-at="2026-03-06T22:12:22 IST" duration-ms="8960">
    <groups>
    </groups>
    <test started-at="2026-03-06T22:12:13 IST" name="Test" finished-at="2026-03-06T22:12:22 IST" duration-ms="8960">
      <class name="org.Pom.Test.TC001Login">
        <test-method is-config="true" signature="StartApp()[pri:0, instance:org.Pom.Test.TC001Login@71e9ddb4]" started-at="2026-03-06T22:12:13 IST" name="StartApp" finished-at="2026-03-06T22:12:19 IST" duration-ms="5295" status="PASS">
          <reporter-output>
          </reporter-output>
        </test-method> <!-- StartApp -->
        <test-method signature="LoginTest()[pri:0, instance:org.Pom.Test.TC001Login@71e9ddb4]" started-at="2026-03-06T22:12:19 IST" name="LoginTest" finished-at="2026-03-06T22:12:21 IST" duration-ms="2590" status="PASS">
          <reporter-output>
          </reporter-output>
        </test-method> <!-- LoginTest -->
        <test-method is-config="true" signature="EndApp()[pri:0, instance:org.Pom.Test.TC001Login@71e9ddb4]" started-at="2026-03-06T22:12:21 IST" name="EndApp" finished-at="2026-03-06T22:12:22 IST" duration-ms="890" status="PASS">
          <reporter-output>
          </reporter-output>
        </test-method> <!-- EndApp -->
      </class> <!-- org.Pom.Test.TC001Login -->
      <class name="org.Pom.Test.TC002Login">
        <test-method is-config="true" signature="StartApp()[pri:0, instance:org.Pom.Test.TC002Login@2f465398]" started-at="2026-03-06T22:12:13 IST" name="StartApp" finished-at="2026-03-06T22:12:16 IST" duration-ms="3127" status="PASS">
          <reporter-output>
          </reporter-output>
        </test-method> <!-- StartApp -->
        <test-method signature="LoginTest()[pri:0, instance:org.Pom.Test.TC002Login@2f465398]" started-at="2026-03-06T22:12:16 IST" name="LoginTest" finished-at="2026-03-06T22:12:21 IST" duration-ms="4834" status="PASS">
          <reporter-output>
          </reporter-output>
        </test-method> <!-- LoginTest -->
        <test-method is-config="true" signature="EndApp()[pri:0, instance:org.Pom.Test.TC002Login@2f465398]" started-at="2026-03-06T22:12:21 IST" name="EndApp" finished-at="2026-03-06T22:12:22 IST" duration-ms="801" status="PASS">
          <reporter-output>
          </reporter-output>
        </test-method> <!-- EndApp -->
      </class> <!-- org.Pom.Test.TC002Login -->
    </test> <!-- Test -->
  </suite> <!-- Suite -->
</testng-results>
